2013/11/29 08:01:06 [error] [php] include(C:\wamp\www\test\test\cgm\themes\cgm\views\layouts/template.config.php): failed to open stream: No such file or directory (C:\wamp\www\test\test\cgm\themes\cgm\views\layouts\main.php:9)
Stack trace:
#0 C:\wamp\www\test\test\framework\web\CBaseController.php(95): SiteController->renderInternal()
#1 C:\wamp\www\test\test\framework\web\widgets\CContentDecorator.php(76): SiteController->renderFile()
#2 C:\wamp\www\test\test\framework\web\widgets\CContentDecorator.php(54): CContentDecorator->decorate()
#3 C:\wamp\www\test\test\framework\web\widgets\COutputProcessor.php(44): CContentDecorator->processOutput()
#4 C:\wamp\www\test\test\framework\web\CBaseController.php(206): CContentDecorator->run()
#5 C:\wamp\www\test\test\framework\web\CBaseController.php(300): SiteController->endWidget()
#6 C:\wamp\www\test\test\cgm\protected\views\layouts\column1.php(6): SiteController->endContent()
#7 C:\wamp\www\test\test\framework\web\CBaseController.php(126): require()
#8 C:\wamp\www\test\test\framework\web\CBaseController.php(95): SiteController->renderInternal()
#9 C:\wamp\www\test\test\framework\web\CController.php(784): SiteController->renderFile()
#10 C:\wamp\www\test\test\cgm\protected\controllers\SiteController.php(32): SiteController->render()
#11 C:\wamp\www\test\test\framework\web\actions\CInlineAction.php(49): SiteController->actionIndex()
#12 C:\wamp\www\test\test\framework\web\CController.php(308): CInlineAction->runWithParams()
#13 C:\wamp\www\test\test\framework\web\CController.php(286): SiteController->runAction()
#14 C:\wamp\www\test\test\framework\web\CController.php(265): SiteController->runActionWithFilters()
#15 C:\wamp\www\test\test\framework\web\CWebApplication.php(282): SiteController->run()
#16 C:\wamp\www\test\test\framework\web\CWebApplication.php(141): CWebApplication->runController()
#17 C:\wamp\www\test\test\framework\base\CApplication.php(180): CWebApplication->processRequest()
#18 C:\wamp\www\test\test\cgm\index.php(13): CWebApplication->run()
REQUEST_URI=/test/test/cgm/
in C:\wamp\www\test\test\cgm\themes\cgm\views\layouts\main.php (9)
in C:\wamp\www\test\test\cgm\themes\cgm\views\layouts\main.php (9)
in C:\wamp\www\test\test\cgm\protected\views\layouts\column1.php (6)
2013/11/30 11:22:24 [error] [exception.CException] exception 'CException' with message 'Property "SiteController.warp" is not defined.' in C:\wamp\www\test\test\framework\base\CComponent.php:130
Stack trace:
#0 C:\wamp\www\test\test\cgm\themes\cgm\views\layouts\main.php(195): CComponent->__get('warp')
#1 C:\wamp\www\test\test\framework\web\CBaseController.php(126): require('C:\wamp\www\tes...')
#2 C:\wamp\www\test\test\framework\web\CBaseController.php(95): CBaseController->renderInternal('C:\wamp\www\tes...', Array, true)
#3 C:\wamp\www\test\test\framework\web\widgets\CContentDecorator.php(76): CBaseController->renderFile('C:\wamp\www\tes...', Array, true)
#4 C:\wamp\www\test\test\framework\web\widgets\CContentDecorator.php(54): CContentDecorator->decorate('<div id="conten...')
#5 C:\wamp\www\test\test\framework\web\widgets\COutputProcessor.php(44): CContentDecorator->processOutput('<div id="conten...')
#6 C:\wamp\www\test\test\framework\web\CBaseController.php(206): COutputProcessor->run()
#7 C:\wamp\www\test\test\framework\web\CBaseController.php(300): CBaseController->endWidget('CContentDecorat...')
#8 C:\wamp\www\test\test\cgm\protected\views\layouts\column1.php(6): CBaseController->endContent()
#9 C:\wamp\www\test\test\framework\web\CBaseController.php(126): require('C:\wamp\www\tes...')
#10 C:\wamp\www\test\test\framework\web\CBaseController.php(95): CBaseController->renderInternal('C:\wamp\www\tes...', Array, true)
#11 C:\wamp\www\test\test\framework\web\CController.php(784): CBaseController->renderFile('C:\wamp\www\tes...', Array, true)
#12 C:\wamp\www\test\test\cgm\protected\controllers\SiteController.php(32): CController->render('index')
#13 C:\wamp\www\test\test\framework\web\actions\CInlineAction.php(49): SiteController->actionIndex()
#14 C:\wamp\www\test\test\framework\web\CController.php(308): CInlineAction->runWithParams(Array)
#15 C:\wamp\www\test\test\framework\web\CController.php(286): CController->runAction(Object(CInlineAction))
#16 C:\wamp\www\test\test\framework\web\CController.php(265): CController->runActionWithFilters(Object(CInlineAction), Array)
#17 C:\wamp\www\test\test\framework\web\CWebApplication.php(282): CController->run('')
#18 C:\wamp\www\test\test\framework\web\CWebApplication.php(141): CWebApplication->runController('')
#19 C:\wamp\www\test\test\framework\base\CApplication.php(180): CWebApplication->processRequest()
#20 C:\wamp\www\test\test\cgm\index.php(13): CApplication->run()
#21 {main}
REQUEST_URI=/test/test/cgm/
---
